<?xml version="1.0" encoding="UTF-8"?>
<!-- Generated by org.testng.reporters.JUnitReportReporter -->
<testsuite skipped="4" hostname="AMICHAITO1-HHS" name="TestNG.SanityAllOptions" tests="12" failures="0" timestamp="04 Mar 2020 17:29:30 GMT" time="423.098" errors="0">
  <testcase name="initialQuestions" time="53.970" classname="TestNG.SanityAllOptions"/>
  <testcase name="initialOfferScreen" time="54.755" classname="TestNG.SanityAllOptions"/>
  <testcase name="finalQuestions" time="76.343" classname="TestNG.SanityAllOptions"/>
  <testcase name="finalOfferScreen" time="32.044" classname="TestNG.SanityAllOptions"/>
  <testcase name="covers" time="5.423" classname="TestNG.SanityAllOptions"/>
  <testcase name="payments" time="27.405" classname="TestNG.SanityAllOptions"/>
  <testcase name="returnSteps" time="72.565" classname="TestNG.SanityAllOptions"/>
  <testcase name="forwardSteps" time="100.593" classname="TestNG.SanityAllOptions"/>
  <testcase name="iframeCreditGuard" classname="TestNG.SanityAllOptions">
    <skipped/>
  </testcase> <!-- iframeCreditGuard -->
  <testcase name="registeredAccount" classname="TestNG.SanityAllOptions">
    <skipped/>
  </testcase> <!-- registeredAccount -->
  <testcase name="callMeWizard" classname="TestNG.SanityAllOptions">
    <skipped/>
  </testcase> <!-- callMeWizard -->
  <testcase name="thankYouPage" classname="TestNG.SanityAllOptions">
    <skipped/>
  </testcase> <!-- thankYouPage -->
</testsuite> <!-- TestNG.SanityAllOptions -->
