<?xml version="1.0" encoding="UTF-8"?>
<!-- Generated by org.testng.reporters.JUnitReportReporter -->
<testsuite skipped="4" hostname="AMICHAITO1-HHS" name="TestNG.SanityAllOptions" tests="12" failures="0" timestamp="04 Feb 2020 09:24:25 GMT" time="419.078" errors="0">
  <testcase name="initialQuestions" time="53.890" classname="TestNG.SanityAllOptions"/>
  <testcase name="initialOfferScreen" time="47.758" classname="TestNG.SanityAllOptions"/>
  <testcase name="finalQuestions" time="80.325" classname="TestNG.SanityAllOptions"/>
  <testcase name="finalOfferScreen" time="32.823" classname="TestNG.SanityAllOptions"/>
  <testcase name="covers" time="5.616" classname="TestNG.SanityAllOptions"/>
  <testcase name="payments" time="27.846" classname="TestNG.SanityAllOptions"/>
  <testcase name="returnSteps" time="70.569" classname="TestNG.SanityAllOptions"/>
  <testcase name="forwardSteps" time="100.251" classname="TestNG.SanityAllOptions"/>
  <testcase name="iframeCreditGuard" classname="TestNG.SanityAllOptions">
    <skipped/>
  </testcase> <!-- iframeCreditGuard -->
  <testcase name="registeredAccount" classname="TestNG.SanityAllOptions">
    <skipped/>
  </testcase> <!-- registeredAccount -->
  <testcase name="callMeWizard" classname="TestNG.SanityAllOptions">
    <skipped/>
  </testcase> <!-- callMeWizard -->
  <testcase name="thankYouPage" classname="TestNG.SanityAllOptions">
    <skipped/>
  </testcase> <!-- thankYouPage -->
</testsuite> <!-- TestNG.SanityAllOptions -->
