<?xml version="1.0" encoding="UTF-8"?>
<!-- Generated by org.testng.reporters.JUnitReportReporter -->
<testsuite skipped="5" hostname="AMICHAITO1-HHS" name="TestNG.sanityAllOptionsTest" tests="13" failures="0" timestamp="07 Jan 2020 11:10:21 GMT" time="415.062" errors="0">
  <testcase name="initialOfferQuestions" time="61.184" classname="TestNG.sanityAllOptionsTest"/>
  <testcase name="initialOfferScreen" time="43.011" classname="TestNG.sanityAllOptionsTest"/>
  <testcase name="finalOfferQuestions" time="78.345" classname="TestNG.sanityAllOptionsTest"/>
  <testcase name="finalOfferScreen" time="32.442" classname="TestNG.sanityAllOptionsTest"/>
  <testcase name="covers" time="5.416" classname="TestNG.sanityAllOptionsTest"/>
  <testcase name="payments" time="27.375" classname="TestNG.sanityAllOptionsTest"/>
  <testcase name="returnSteps" time="68.647" classname="TestNG.sanityAllOptionsTest"/>
  <testcase name="forwardSteps" time="98.642" classname="TestNG.sanityAllOptionsTest"/>
  <testcase name="callMeWizard2" classname="TestNG.sanityAllOptionsTest">
    <skipped/>
  </testcase> <!-- callMeWizard2 -->
  <testcase name="callMeWizard1" classname="TestNG.sanityAllOptionsTest">
    <skipped/>
  </testcase> <!-- callMeWizard1 -->
  <testcase name="thankYouPage" classname="TestNG.sanityAllOptionsTest">
    <skipped/>
  </testcase> <!-- thankYouPage -->
  <testcase name="registeredAccount" classname="TestNG.sanityAllOptionsTest">
    <skipped/>
  </testcase> <!-- registeredAccount -->
  <testcase name="iframeCreditGuard" classname="TestNG.sanityAllOptionsTest">
    <skipped/>
  </testcase> <!-- iframeCreditGuard -->
</testsuite> <!-- TestNG.sanityAllOptionsTest -->
