<?xml version="1.0" encoding="UTF-8"?>
<!-- Generated by org.testng.reporters.JUnitReportReporter -->
<testsuite skipped="4" hostname="AMICHAITO1-HHS" name="TestNG.SanityAllOptions" tests="12" failures="0" timestamp="18 Feb 2020 10:59:48 GMT" time="430.928" errors="0">
  <testcase name="initialQuestions" time="55.270" classname="TestNG.SanityAllOptions"/>
  <testcase name="initialOfferScreen" time="55.779" classname="TestNG.SanityAllOptions"/>
  <testcase name="finalQuestions" time="78.214" classname="TestNG.SanityAllOptions"/>
  <testcase name="finalOfferScreen" time="32.581" classname="TestNG.SanityAllOptions"/>
  <testcase name="covers" time="5.512" classname="TestNG.SanityAllOptions"/>
  <testcase name="payments" time="27.802" classname="TestNG.SanityAllOptions"/>
  <testcase name="returnSteps" time="74.467" classname="TestNG.SanityAllOptions"/>
  <testcase name="forwardSteps" time="101.303" classname="TestNG.SanityAllOptions"/>
  <testcase name="iframeCreditGuard" classname="TestNG.SanityAllOptions">
    <skipped/>
  </testcase> <!-- iframeCreditGuard -->
  <testcase name="registeredAccount" classname="TestNG.SanityAllOptions">
    <skipped/>
  </testcase> <!-- registeredAccount -->
  <testcase name="callMeWizard" classname="TestNG.SanityAllOptions">
    <skipped/>
  </testcase> <!-- callMeWizard -->
  <testcase name="thankYouPage" classname="TestNG.SanityAllOptions">
    <skipped/>
  </testcase> <!-- thankYouPage -->
</testsuite> <!-- TestNG.SanityAllOptions -->
