<?xml version="1.0" encoding="UTF-8"?>
<!-- Generated by org.testng.reporters.JUnitReportReporter -->
<testsuite skipped="9" hostname="AMICHAITO1-HHS" name="TestNG.SanityAllOptions" tests="12" failures="0" timestamp="05 Feb 2020 10:02:19 GMT" time="230.647" errors="1">
  <testcase name="initialQuestions" time="55.124" classname="TestNG.SanityAllOptions"/>
  <testcase name="initialOfferScreen" time="47.197" classname="TestNG.SanityAllOptions"/>
  <testcase name="finalQuestions" time="128.326" classname="TestNG.SanityAllOptions">
    <error type="java.lang.Exception" message="Failed in FINAL OFFER QUESTIONS">
      <![CDATA[java.lang.Exception: Failed in FINAL OFFER QUESTIONS
at TestNG.SanityAllOptions.finalQuestions(SanityAllOptions.java:110)
at sun.reflect.NativeMethodAccessorImpl.invoke0(Native Method)
at sun.reflect.NativeMethodAccessorImpl.invoke(Unknown Source)
at sun.reflect.DelegatingMethodAccessorImpl.invoke(Unknown Source)
at java.lang.reflect.Method.invoke(Unknown Source)
at org.testng.internal.MethodInvocationHelper.invokeMethod(MethodInvocationHelper.java:124)
at org.testng.internal.Invoker.invokeMethod(Invoker.java:583)
at org.testng.internal.Invoker.invokeTestMethod(Invoker.java:719)
at org.testng.internal.Invoker.invokeTestMethods(Invoker.java:989)
at org.testng.internal.TestMethodWorker.invokeTestMethods(TestMethodWorker.java:125)
at org.testng.internal.TestMethodWorker.run(TestMethodWorker.java:109)
at org.testng.TestRunner.privateRun(TestRunner.java:648)
at org.testng.TestRunner.run(TestRunner.java:505)
at org.testng.SuiteRunner.runTest(SuiteRunner.java:455)
at org.testng.SuiteRunner.access$000(SuiteRunner.java:40)
at org.testng.SuiteRunner$SuiteWorker.run(SuiteRunner.java:489)
at org.testng.internal.thread.ThreadUtil$1.call(ThreadUtil.java:52)
at java.util.concurrent.FutureTask.run(Unknown Source)
at java.util.concurrent.ThreadPoolExecutor.runWorker(Unknown Source)
at java.util.concurrent.ThreadPoolExecutor$Worker.run(Unknown Source)
at java.lang.Thread.run(Unknown Source)
]]>
    </error>
  </testcase> <!-- finalQuestions -->
  <testcase name="finalOfferScreen" time="0.000" classname="TestNG.SanityAllOptions">
    <skipped/>
  </testcase> <!-- finalOfferScreen -->
  <testcase name="covers" time="0.000" classname="TestNG.SanityAllOptions">
    <skipped/>
  </testcase> <!-- covers -->
  <testcase name="payments" time="0.000" classname="TestNG.SanityAllOptions">
    <skipped/>
  </testcase> <!-- payments -->
  <testcase name="returnSteps" time="0.000" classname="TestNG.SanityAllOptions">
    <skipped/>
  </testcase> <!-- returnSteps -->
  <testcase name="forwardSteps" time="0.000" classname="TestNG.SanityAllOptions">
    <skipped/>
  </testcase> <!-- forwardSteps -->
  <testcase name="iframeCreditGuard" classname="TestNG.SanityAllOptions">
    <skipped/>
  </testcase> <!-- iframeCreditGuard -->
  <testcase name="registeredAccount" classname="TestNG.SanityAllOptions">
    <skipped/>
  </testcase> <!-- registeredAccount -->
  <testcase name="callMeWizard" classname="TestNG.SanityAllOptions">
    <skipped/>
  </testcase> <!-- callMeWizard -->
  <testcase name="thankYouPage" classname="TestNG.SanityAllOptions">
    <skipped/>
  </testcase> <!-- thankYouPage -->
</testsuite> <!-- TestNG.SanityAllOptions -->
