<?xml version="1.0" encoding="UTF-8"?>
<!-- Generated by org.testng.reporters.JUnitReportReporter -->
<testsuite skipped="4" hostname="AMICHAITO1-HHS" name="TestNG.SanityAllOptions" tests="12" failures="0" timestamp="09 Feb 2020 09:38:02 GMT" time="427.886" errors="0">
  <testcase name="initialQuestions" time="54.765" classname="TestNG.SanityAllOptions"/>
  <testcase name="initialOfferScreen" time="47.815" classname="TestNG.SanityAllOptions"/>
  <testcase name="finalQuestions" time="81.550" classname="TestNG.SanityAllOptions"/>
  <testcase name="finalOfferScreen" time="32.906" classname="TestNG.SanityAllOptions"/>
  <testcase name="covers" time="5.668" classname="TestNG.SanityAllOptions"/>
  <testcase name="payments" time="27.915" classname="TestNG.SanityAllOptions"/>
  <testcase name="returnSteps" time="74.957" classname="TestNG.SanityAllOptions"/>
  <testcase name="forwardSteps" time="102.310" classname="TestNG.SanityAllOptions"/>
  <testcase name="iframeCreditGuard" classname="TestNG.SanityAllOptions">
    <skipped/>
  </testcase> <!-- iframeCreditGuard -->
  <testcase name="registeredAccount" classname="TestNG.SanityAllOptions">
    <skipped/>
  </testcase> <!-- registeredAccount -->
  <testcase name="callMeWizard" classname="TestNG.SanityAllOptions">
    <skipped/>
  </testcase> <!-- callMeWizard -->
  <testcase name="thankYouPage" classname="TestNG.SanityAllOptions">
    <skipped/>
  </testcase> <!-- thankYouPage -->
</testsuite> <!-- TestNG.SanityAllOptions -->
