<?xml version="1.0" encoding="UTF-8"?>
<!-- Generated by org.testng.reporters.JUnitReportReporter -->
<testsuite skipped="4" hostname="AMICHAITO1-HHS" name="TestNG.SanityAllOptions" tests="12" failures="0" timestamp="06 Feb 2020 17:06:52 GMT" time="421.320" errors="0">
  <testcase name="initialQuestions" time="54.729" classname="TestNG.SanityAllOptions"/>
  <testcase name="initialOfferScreen" time="47.739" classname="TestNG.SanityAllOptions"/>
  <testcase name="finalQuestions" time="78.553" classname="TestNG.SanityAllOptions"/>
  <testcase name="finalOfferScreen" time="32.258" classname="TestNG.SanityAllOptions"/>
  <testcase name="covers" time="5.530" classname="TestNG.SanityAllOptions"/>
  <testcase name="payments" time="27.488" classname="TestNG.SanityAllOptions"/>
  <testcase name="returnSteps" time="73.387" classname="TestNG.SanityAllOptions"/>
  <testcase name="forwardSteps" time="101.636" classname="TestNG.SanityAllOptions"/>
  <testcase name="iframeCreditGuard" classname="TestNG.SanityAllOptions">
    <skipped/>
  </testcase> <!-- iframeCreditGuard -->
  <testcase name="registeredAccount" classname="TestNG.SanityAllOptions">
    <skipped/>
  </testcase> <!-- registeredAccount -->
  <testcase name="callMeWizard" classname="TestNG.SanityAllOptions">
    <skipped/>
  </testcase> <!-- callMeWizard -->
  <testcase name="thankYouPage" classname="TestNG.SanityAllOptions">
    <skipped/>
  </testcase> <!-- thankYouPage -->
</testsuite> <!-- TestNG.SanityAllOptions -->
