<?xml version="1.0" encoding="UTF-8"?>
<!-- Generated by org.testng.reporters.JUnitReportReporter -->
<testsuite skipped="4" hostname="AMICHAITO1-HHS" name="TestNG.SanityAllOptions" tests="12" failures="0" timestamp="12 Feb 2020 10:04:54 GMT" time="436.386" errors="0">
  <testcase name="initialQuestions" time="55.301" classname="TestNG.SanityAllOptions"/>
  <testcase name="initialOfferScreen" time="57.386" classname="TestNG.SanityAllOptions"/>
  <testcase name="finalQuestions" time="80.968" classname="TestNG.SanityAllOptions"/>
  <testcase name="finalOfferScreen" time="33.305" classname="TestNG.SanityAllOptions"/>
  <testcase name="covers" time="5.647" classname="TestNG.SanityAllOptions"/>
  <testcase name="payments" time="27.861" classname="TestNG.SanityAllOptions"/>
  <testcase name="returnSteps" time="73.697" classname="TestNG.SanityAllOptions"/>
  <testcase name="forwardSteps" time="102.221" classname="TestNG.SanityAllOptions"/>
  <testcase name="iframeCreditGuard" classname="TestNG.SanityAllOptions">
    <skipped/>
  </testcase> <!-- iframeCreditGuard -->
  <testcase name="registeredAccount" classname="TestNG.SanityAllOptions">
    <skipped/>
  </testcase> <!-- registeredAccount -->
  <testcase name="callMeWizard" classname="TestNG.SanityAllOptions">
    <skipped/>
  </testcase> <!-- callMeWizard -->
  <testcase name="thankYouPage" classname="TestNG.SanityAllOptions">
    <skipped/>
  </testcase> <!-- thankYouPage -->
</testsuite> <!-- TestNG.SanityAllOptions -->
