<?xml version="1.0" encoding="UTF-8"?>
<!-- Generated by org.testng.reporters.JUnitXMLReporter -->
<testsuite hostname="AMICHAITO1-HHS" ignored="4" name="Test-class test 2 red1years" tests="8" failures="0" timestamp="12 Feb 2020 10:04:53 GMT" time="436.447" errors="0">
  <testcase name="initialQuestions" time="55.301" classname="TestNG.SanityAllOptions"/>
  <testcase name="initialOfferScreen" time="57.386" classname="TestNG.SanityAllOptions"/>
  <testcase name="finalQuestions" time="80.968" classname="TestNG.SanityAllOptions"/>
  <testcase name="finalOfferScreen" time="33.305" classname="TestNG.SanityAllOptions"/>
  <testcase name="covers" time="5.647" classname="TestNG.SanityAllOptions"/>
  <testcase name="payments" time="27.861" classname="TestNG.SanityAllOptions"/>
  <testcase name="returnSteps" time="73.697" classname="TestNG.SanityAllOptions"/>
  <testcase name="forwardSteps" time="102.221" classname="TestNG.SanityAllOptions"/>
  <testcase name="iframeCreditGuard" time="0.0" classname="TestNG.SanityAllOptions">
    <ignored/>
  </testcase> <!-- iframeCreditGuard -->
  <testcase name="registeredAccount" time="0.0" classname="TestNG.SanityAllOptions">
    <ignored/>
  </testcase> <!-- registeredAccount -->
  <testcase name="callMeWizard" time="0.0" classname="TestNG.SanityAllOptions">
    <ignored/>
  </testcase> <!-- callMeWizard -->
  <testcase name="thankYouPage" time="0.0" classname="TestNG.SanityAllOptions">
    <ignored/>
  </testcase> <!-- thankYouPage -->
</testsuite> <!-- Test-class test 2 red1years -->
