<?xml version="1.0" encoding="UTF-8"?>
<!-- Generated by org.testng.reporters.JUnitXMLReporter -->
<testsuite hostname="AMICHAITO1-HHS" ignored="4" name="Test-class test 2 red1years" tests="8" failures="1" timestamp="18 Mar 2020 09:15:47 GMT" time="529.126" errors="0">
  <testcase name="initialQuestions" time="65.867" classname="TestNG.SanityAllOptions"/>
  <testcase name="initialOfferScreen" time="54.526" classname="TestNG.SanityAllOptions"/>
  <testcase name="finalQuestions" time="112.021" classname="TestNG.SanityAllOptions"/>
  <testcase name="finalOfferScreen" time="89.81" classname="TestNG.SanityAllOptions"/>
  <testcase name="covers" time="25.537" classname="TestNG.SanityAllOptions"/>
  <testcase name="payments" time="52.423" classname="TestNG.SanityAllOptions"/>
  <testcase name="returnSteps" time="128.886" classname="TestNG.SanityAllOptions">
    <failure type="java.lang.Exception" message="Failed in Email send by iiii.co.il">
      <![CDATA[java.lang.Exception: Failed in Email send by iiii.co.il
at TestNG.TestFailed.testFailed(TestFailed.java:96)
at TestNG.SanityAllOptions.returnSteps(SanityAllOptions.java:142)
at java.util.concurrent.FutureTask.run(Unknown Source)
at java.util.concurrent.ThreadPoolExecutor.runWorker(Unknown Source)
at java.util.concurrent.ThreadPoolExecutor$Worker.run(Unknown Source)
at java.lang.Thread.run(Unknown Source)
... Removed 16 stack frames]]>
    </failure>
  </testcase> <!-- returnSteps -->
  <testcase name="forwardSteps" time="0.0" classname="TestNG.SanityAllOptions">
    <skipped/>
  </testcase> <!-- forwardSteps -->
  <testcase name="iframeCreditGuard" time="0.0" classname="TestNG.SanityAllOptions">
    <ignored/>
  </testcase> <!-- iframeCreditGuard -->
  <testcase name="registeredAccount" time="0.0" classname="TestNG.SanityAllOptions">
    <ignored/>
  </testcase> <!-- registeredAccount -->
  <testcase name="callMeWizard" time="0.0" classname="TestNG.SanityAllOptions">
    <ignored/>
  </testcase> <!-- callMeWizard -->
  <testcase name="thankYouPage" time="0.0" classname="TestNG.SanityAllOptions">
    <ignored/>
  </testcase> <!-- thankYouPage -->
</testsuite> <!-- Test-class test 2 red1years -->
