<?xml version="1.0" encoding="UTF-8"?>
<!-- Generated by org.testng.reporters.JUnitXMLReporter -->
<testsuite hostname="AMICHAITO1-HHS" ignored="1" name="Test-class test 1 Production" tests="11" failures="1" timestamp="04 Feb 2020 07:54:26 GMT" time="494.975" errors="0">
  <testcase name="initialQuestions" time="55.0" classname="TestNG.SanityAllOptions"/>
  <testcase name="initialOfferScreen" time="47.418" classname="TestNG.SanityAllOptions"/>
  <testcase name="finalQuestions" time="79.623" classname="TestNG.SanityAllOptions"/>
  <testcase name="finalOfferScreen" time="32.969" classname="TestNG.SanityAllOptions"/>
  <testcase name="covers" time="6.036" classname="TestNG.SanityAllOptions"/>
  <testcase name="payments" time="27.92" classname="TestNG.SanityAllOptions"/>
  <testcase name="returnSteps" time="71.288" classname="TestNG.SanityAllOptions"/>
  <testcase name="forwardSteps" time="100.243" classname="TestNG.SanityAllOptions"/>
  <testcase name="iframeCreditGuard" time="74.393" classname="TestNG.SanityAllOptions">
    <failure type="java.lang.Exception" message="Failed in Iframe CreditGuard">
      <![CDATA[java.lang.Exception: Failed in Iframe CreditGuard
at TestNG.SanityAllOptions.iframeCreditGuard(SanityAllOptions.java:215)
at java.util.concurrent.FutureTask.run(Unknown Source)
at java.util.concurrent.ThreadPoolExecutor.runWorker(Unknown Source)
at java.util.concurrent.ThreadPoolExecutor$Worker.run(Unknown Source)
at java.lang.Thread.run(Unknown Source)
... Removed 16 stack frames]]>
    </failure>
  </testcase> <!-- iframeCreditGuard -->
  <testcase name="thankYouPage" time="0.0" classname="TestNG.SanityAllOptions">
    <skipped/>
  </testcase> <!-- thankYouPage -->
  <testcase name="registeredAccount" time="0.0" classname="TestNG.SanityAllOptions">
    <skipped/>
  </testcase> <!-- registeredAccount -->
  <testcase name="callMeWizard" time="0.0" classname="TestNG.SanityAllOptions">
    <ignored/>
  </testcase> <!-- callMeWizard -->
</testsuite> <!-- Test-class test 1 Production -->
