<?xml version="1.0" encoding="UTF-8"?>
<!-- Generated by org.testng.reporters.JUnitXMLReporter -->
<testsuite hostname="AMICHAITO1-HHS" ignored="4" name="Test-class test 2 red1years" tests="8" failures="0" timestamp="06 Feb 2020 17:06:51 GMT" time="421.441" errors="0">
  <testcase name="initialQuestions" time="54.729" classname="TestNG.SanityAllOptions"/>
  <testcase name="initialOfferScreen" time="47.739" classname="TestNG.SanityAllOptions"/>
  <testcase name="finalQuestions" time="78.553" classname="TestNG.SanityAllOptions"/>
  <testcase name="finalOfferScreen" time="32.258" classname="TestNG.SanityAllOptions"/>
  <testcase name="covers" time="5.53" classname="TestNG.SanityAllOptions"/>
  <testcase name="payments" time="27.488" classname="TestNG.SanityAllOptions"/>
  <testcase name="returnSteps" time="73.387" classname="TestNG.SanityAllOptions"/>
  <testcase name="forwardSteps" time="101.636" classname="TestNG.SanityAllOptions"/>
  <testcase name="iframeCreditGuard" time="0.0" classname="TestNG.SanityAllOptions">
    <ignored/>
  </testcase> <!-- iframeCreditGuard -->
  <testcase name="registeredAccount" time="0.0" classname="TestNG.SanityAllOptions">
    <ignored/>
  </testcase> <!-- registeredAccount -->
  <testcase name="callMeWizard" time="0.0" classname="TestNG.SanityAllOptions">
    <ignored/>
  </testcase> <!-- callMeWizard -->
  <testcase name="thankYouPage" time="0.0" classname="TestNG.SanityAllOptions">
    <ignored/>
  </testcase> <!-- thankYouPage -->
</testsuite> <!-- Test-class test 2 red1years -->
