<?xml version="1.0" encoding="UTF-8"?>
<!-- Generated by org.testng.reporters.JUnitXMLReporter -->
<testsuite hostname="AMICHAITO1-HHS" ignored="5" name="Test-class test 2 red1years" tests="8" failures="0" timestamp="07 Jan 2020 11:10:21 GMT" time="415.091" errors="0">
  <testcase name="initialOfferQuestions" time="61.184" classname="TestNG.sanityAllOptionsTest"/>
  <testcase name="initialOfferScreen" time="43.011" classname="TestNG.sanityAllOptionsTest"/>
  <testcase name="finalOfferQuestions" time="78.345" classname="TestNG.sanityAllOptionsTest"/>
  <testcase name="finalOfferScreen" time="32.442" classname="TestNG.sanityAllOptionsTest"/>
  <testcase name="covers" time="5.416" classname="TestNG.sanityAllOptionsTest"/>
  <testcase name="payments" time="27.375" classname="TestNG.sanityAllOptionsTest"/>
  <testcase name="returnSteps" time="68.647" classname="TestNG.sanityAllOptionsTest"/>
  <testcase name="forwardSteps" time="98.642" classname="TestNG.sanityAllOptionsTest"/>
  <testcase name="callMeWizard2" time="0.0" classname="TestNG.sanityAllOptionsTest">
    <ignored/>
  </testcase> <!-- callMeWizard2 -->
  <testcase name="callMeWizard1" time="0.0" classname="TestNG.sanityAllOptionsTest">
    <ignored/>
  </testcase> <!-- callMeWizard1 -->
  <testcase name="thankYouPage" time="0.0" classname="TestNG.sanityAllOptionsTest">
    <ignored/>
  </testcase> <!-- thankYouPage -->
  <testcase name="registeredAccount" time="0.0" classname="TestNG.sanityAllOptionsTest">
    <ignored/>
  </testcase> <!-- registeredAccount -->
  <testcase name="iframeCreditGuard" time="0.0" classname="TestNG.sanityAllOptionsTest">
    <ignored/>
  </testcase> <!-- iframeCreditGuard -->
</testsuite> <!-- Test-class test 2 red1years -->
