<?xml version="1.0" encoding="UTF-8"?>
<!-- Generated by org.testng.reporters.JUnitXMLReporter -->
<testsuite hostname="AMICHAITO1-HHS" ignored="4" name="Test-class test 2 red1years" tests="8" failures="0" timestamp="09 Feb 2020 09:38:01 GMT" time="427.985" errors="0">
  <testcase name="initialQuestions" time="54.765" classname="TestNG.SanityAllOptions"/>
  <testcase name="initialOfferScreen" time="47.815" classname="TestNG.SanityAllOptions"/>
  <testcase name="finalQuestions" time="81.55" classname="TestNG.SanityAllOptions"/>
  <testcase name="finalOfferScreen" time="32.906" classname="TestNG.SanityAllOptions"/>
  <testcase name="covers" time="5.668" classname="TestNG.SanityAllOptions"/>
  <testcase name="payments" time="27.915" classname="TestNG.SanityAllOptions"/>
  <testcase name="returnSteps" time="74.957" classname="TestNG.SanityAllOptions"/>
  <testcase name="forwardSteps" time="102.31" classname="TestNG.SanityAllOptions"/>
  <testcase name="iframeCreditGuard" time="0.0" classname="TestNG.SanityAllOptions">
    <ignored/>
  </testcase> <!-- iframeCreditGuard -->
  <testcase name="registeredAccount" time="0.0" classname="TestNG.SanityAllOptions">
    <ignored/>
  </testcase> <!-- registeredAccount -->
  <testcase name="callMeWizard" time="0.0" classname="TestNG.SanityAllOptions">
    <ignored/>
  </testcase> <!-- callMeWizard -->
  <testcase name="thankYouPage" time="0.0" classname="TestNG.SanityAllOptions">
    <ignored/>
  </testcase> <!-- thankYouPage -->
</testsuite> <!-- Test-class test 2 red1years -->
