<?xml version="1.0" encoding="UTF-8"?>
<!-- Generated by org.testng.reporters.JUnitXMLReporter -->
<testsuite hostname="AMICHAITO1-HHS" ignored="5" name="Test-class test 2 DEV or STAGE" tests="8" failures="7" timestamp="22 Jan 2020 09:48:07 GMT" time="223.768" errors="0">
  <testcase name="initialOfferQuestions" time="59.204" classname="TestNG.sanityAllOptionsTest"/>
  <testcase name="initialOfferScreen" time="98.447" classname="TestNG.sanityAllOptionsTest">
    <failure type="java.lang.Exception" message="Failed in INITIAL OFFER SCREEN QUESTION">
      <![CDATA[java.lang.Exception: Failed in INITIAL OFFER SCREEN QUESTION
at TestNG.sanityAllOptionsTest.initialOfferScreen(sanityAllOptionsTest.java:520)
at java.util.concurrent.FutureTask.run(Unknown Source)
at java.util.concurrent.ThreadPoolExecutor.runWorker(Unknown Source)
at java.util.concurrent.ThreadPoolExecutor$Worker.run(Unknown Source)
at java.lang.Thread.run(Unknown Source)
... Removed 16 stack frames]]>
    </failure>
  </testcase> <!-- initialOfferScreen -->
  <testcase name="finalOfferQuestions" time="10.01" classname="TestNG.sanityAllOptionsTest">
    <failure type="java.lang.Exception" message="Failed in ScreenShot">
      <![CDATA[java.lang.Exception: Failed in ScreenShot
at TestNG.sanityAllOptionsTest.emailException(sanityAllOptionsTest.java:107)
at TestNG.sanityAllOptionsTest.finalOfferQuestions(sanityAllOptionsTest.java:755)
at java.util.concurrent.FutureTask.run(Unknown Source)
at java.util.concurrent.ThreadPoolExecutor.runWorker(Unknown Source)
at java.util.concurrent.ThreadPoolExecutor$Worker.run(Unknown Source)
at java.lang.Thread.run(Unknown Source)
... Removed 16 stack frames]]>
    </failure>
  </testcase> <!-- finalOfferQuestions -->
  <testcase name="finalOfferScreen" time="10.002" classname="TestNG.sanityAllOptionsTest">
    <failure type="java.lang.Exception" message="Failed in ScreenShot">
      <![CDATA[java.lang.Exception: Failed in ScreenShot
at TestNG.sanityAllOptionsTest.emailException(sanityAllOptionsTest.java:107)
at TestNG.sanityAllOptionsTest.finalOfferScreen(sanityAllOptionsTest.java:817)
at java.util.concurrent.FutureTask.run(Unknown Source)
at java.util.concurrent.ThreadPoolExecutor.runWorker(Unknown Source)
at java.util.concurrent.ThreadPoolExecutor$Worker.run(Unknown Source)
at java.lang.Thread.run(Unknown Source)
... Removed 16 stack frames]]>
    </failure>
  </testcase> <!-- finalOfferScreen -->
  <testcase name="covers" time="10.004" classname="TestNG.sanityAllOptionsTest">
    <failure type="java.lang.Exception" message="Failed in ScreenShot">
      <![CDATA[java.lang.Exception: Failed in ScreenShot
at TestNG.sanityAllOptionsTest.emailException(sanityAllOptionsTest.java:107)
at TestNG.sanityAllOptionsTest.covers(sanityAllOptionsTest.java:893)
at java.util.concurrent.FutureTask.run(Unknown Source)
at java.util.concurrent.ThreadPoolExecutor.runWorker(Unknown Source)
at java.util.concurrent.ThreadPoolExecutor$Worker.run(Unknown Source)
at java.lang.Thread.run(Unknown Source)
... Removed 16 stack frames]]>
    </failure>
  </testcase> <!-- covers -->
  <testcase name="payments" time="13.007" classname="TestNG.sanityAllOptionsTest">
    <failure type="java.lang.Exception" message="Failed in ScreenShot">
      <![CDATA[java.lang.Exception: Failed in ScreenShot
at TestNG.sanityAllOptionsTest.emailException(sanityAllOptionsTest.java:107)
at TestNG.sanityAllOptionsTest.payments(sanityAllOptionsTest.java:937)
at java.util.concurrent.FutureTask.run(Unknown Source)
at java.util.concurrent.ThreadPoolExecutor.runWorker(Unknown Source)
at java.util.concurrent.ThreadPoolExecutor$Worker.run(Unknown Source)
at java.lang.Thread.run(Unknown Source)
... Removed 16 stack frames]]>
    </failure>
  </testcase> <!-- payments -->
  <testcase name="returnSteps" time="10.004" classname="TestNG.sanityAllOptionsTest">
    <failure type="java.lang.Exception" message="Failed in ScreenShot">
      <![CDATA[java.lang.Exception: Failed in ScreenShot
at TestNG.sanityAllOptionsTest.emailException(sanityAllOptionsTest.java:107)
at TestNG.sanityAllOptionsTest.returnSteps(sanityAllOptionsTest.java:1065)
at java.util.concurrent.FutureTask.run(Unknown Source)
at java.util.concurrent.ThreadPoolExecutor.runWorker(Unknown Source)
at java.util.concurrent.ThreadPoolExecutor$Worker.run(Unknown Source)
at java.lang.Thread.run(Unknown Source)
... Removed 16 stack frames]]>
    </failure>
  </testcase> <!-- returnSteps -->
  <testcase name="forwardSteps" time="13.006" classname="TestNG.sanityAllOptionsTest">
    <failure type="java.lang.Exception" message="Failed in ScreenShot">
      <![CDATA[java.lang.Exception: Failed in ScreenShot
at TestNG.sanityAllOptionsTest.emailException(sanityAllOptionsTest.java:107)
at TestNG.sanityAllOptionsTest.forwardSteps(sanityAllOptionsTest.java:1174)
at java.util.concurrent.FutureTask.run(Unknown Source)
at java.util.concurrent.ThreadPoolExecutor.runWorker(Unknown Source)
at java.util.concurrent.ThreadPoolExecutor$Worker.run(Unknown Source)
at java.lang.Thread.run(Unknown Source)
... Removed 16 stack frames]]>
    </failure>
  </testcase> <!-- forwardSteps -->
  <testcase name="callMeWizard2" time="0.0" classname="TestNG.sanityAllOptionsTest">
    <ignored/>
  </testcase> <!-- callMeWizard2 -->
  <testcase name="callMeWizard1" time="0.0" classname="TestNG.sanityAllOptionsTest">
    <ignored/>
  </testcase> <!-- callMeWizard1 -->
  <testcase name="thankYouPage" time="0.0" classname="TestNG.sanityAllOptionsTest">
    <ignored/>
  </testcase> <!-- thankYouPage -->
  <testcase name="registeredAccount" time="0.0" classname="TestNG.sanityAllOptionsTest">
    <ignored/>
  </testcase> <!-- registeredAccount -->
  <testcase name="iframeCreditGuard" time="0.0" classname="TestNG.sanityAllOptionsTest">
    <ignored/>
  </testcase> <!-- iframeCreditGuard -->
</testsuite> <!-- Test-class test 2 DEV or STAGE -->
