<?xml version="1.0" encoding="UTF-8"?>
<!-- Generated by org.testng.reporters.JUnitXMLReporter -->
<testsuite hostname="AMICHAITO1-HHS" ignored="4" name="Test-class test 1 Production" tests="8" failures="0" timestamp="04 Feb 2020 09:24:23 GMT" time="419.127" errors="0">
  <testcase name="initialQuestions" time="53.89" classname="TestNG.SanityAllOptions"/>
  <testcase name="initialOfferScreen" time="47.758" classname="TestNG.SanityAllOptions"/>
  <testcase name="finalQuestions" time="80.325" classname="TestNG.SanityAllOptions"/>
  <testcase name="finalOfferScreen" time="32.823" classname="TestNG.SanityAllOptions"/>
  <testcase name="covers" time="5.616" classname="TestNG.SanityAllOptions"/>
  <testcase name="payments" time="27.846" classname="TestNG.SanityAllOptions"/>
  <testcase name="returnSteps" time="70.569" classname="TestNG.SanityAllOptions"/>
  <testcase name="forwardSteps" time="100.251" classname="TestNG.SanityAllOptions"/>
  <testcase name="iframeCreditGuard" time="0.0" classname="TestNG.SanityAllOptions">
    <ignored/>
  </testcase> <!-- iframeCreditGuard -->
  <testcase name="registeredAccount" time="0.0" classname="TestNG.SanityAllOptions">
    <ignored/>
  </testcase> <!-- registeredAccount -->
  <testcase name="callMeWizard" time="0.0" classname="TestNG.SanityAllOptions">
    <ignored/>
  </testcase> <!-- callMeWizard -->
  <testcase name="thankYouPage" time="0.0" classname="TestNG.SanityAllOptions">
    <ignored/>
  </testcase> <!-- thankYouPage -->
</testsuite> <!-- Test-class test 1 Production -->
