<?xml version="1.0" encoding="UTF-8"?>
<!-- Generated by org.testng.reporters.JUnitXMLReporter -->
<testsuite hostname="AMICHAITO1-HHS" ignored="5" name="Test-class test 1 Production" tests="8" failures="1" timestamp="22 Jan 2020 13:54:04 GMT" time="157.381" errors="0">
  <testcase name="initialOfferQuestions" time="58.917" classname="TestNG.sanityAllOptionsTest"/>
  <testcase name="initialOfferScreen" time="98.417" classname="TestNG.sanityAllOptionsTest">
    <failure type="java.lang.Exception" message="Failed in INITIAL OFFER SCREEN QUESTION">
      <![CDATA[java.lang.Exception: Failed in INITIAL OFFER SCREEN QUESTION
at TestNG.sanityAllOptionsTest.initialOfferScreen(sanityAllOptionsTest.java:540)
at java.util.concurrent.FutureTask.run(Unknown Source)
at java.util.concurrent.ThreadPoolExecutor.runWorker(Unknown Source)
at java.util.concurrent.ThreadPoolExecutor$Worker.run(Unknown Source)
at java.lang.Thread.run(Unknown Source)
... Removed 16 stack frames]]>
    </failure>
  </testcase> <!-- initialOfferScreen -->
  <testcase name="finalOfferQuestions" time="0.0" classname="TestNG.sanityAllOptionsTest">
    <skipped/>
  </testcase> <!-- finalOfferQuestions -->
  <testcase name="finalOfferScreen" time="0.0" classname="TestNG.sanityAllOptionsTest">
    <skipped/>
  </testcase> <!-- finalOfferScreen -->
  <testcase name="covers" time="0.0" classname="TestNG.sanityAllOptionsTest">
    <skipped/>
  </testcase> <!-- covers -->
  <testcase name="payments" time="0.0" classname="TestNG.sanityAllOptionsTest">
    <skipped/>
  </testcase> <!-- payments -->
  <testcase name="returnSteps" time="0.0" classname="TestNG.sanityAllOptionsTest">
    <skipped/>
  </testcase> <!-- returnSteps -->
  <testcase name="forwardSteps" time="0.0" classname="TestNG.sanityAllOptionsTest">
    <skipped/>
  </testcase> <!-- forwardSteps -->
  <testcase name="callMeWizard2" time="0.0" classname="TestNG.sanityAllOptionsTest">
    <ignored/>
  </testcase> <!-- callMeWizard2 -->
  <testcase name="callMeWizard1" time="0.0" classname="TestNG.sanityAllOptionsTest">
    <ignored/>
  </testcase> <!-- callMeWizard1 -->
  <testcase name="thankYouPage" time="0.0" classname="TestNG.sanityAllOptionsTest">
    <ignored/>
  </testcase> <!-- thankYouPage -->
  <testcase name="registeredAccount" time="0.0" classname="TestNG.sanityAllOptionsTest">
    <ignored/>
  </testcase> <!-- registeredAccount -->
  <testcase name="iframeCreditGuard" time="0.0" classname="TestNG.sanityAllOptionsTest">
    <ignored/>
  </testcase> <!-- iframeCreditGuard -->
</testsuite> <!-- Test-class test 1 Production -->
