<?xml version="1.0" encoding="UTF-8"?>
<!-- Generated by org.testng.reporters.JUnitXMLReporter -->
<testsuite hostname="AMICHAITO1-HHS" ignored="4" name="Test-class test 2 red1years" tests="8" failures="0" timestamp="04 Mar 2020 17:29:29 GMT" time="423.129" errors="0">
  <testcase name="initialQuestions" time="53.97" classname="TestNG.SanityAllOptions"/>
  <testcase name="initialOfferScreen" time="54.755" classname="TestNG.SanityAllOptions"/>
  <testcase name="finalQuestions" time="76.343" classname="TestNG.SanityAllOptions"/>
  <testcase name="finalOfferScreen" time="32.044" classname="TestNG.SanityAllOptions"/>
  <testcase name="covers" time="5.423" classname="TestNG.SanityAllOptions"/>
  <testcase name="payments" time="27.405" classname="TestNG.SanityAllOptions"/>
  <testcase name="returnSteps" time="72.565" classname="TestNG.SanityAllOptions"/>
  <testcase name="forwardSteps" time="100.593" classname="TestNG.SanityAllOptions"/>
  <testcase name="iframeCreditGuard" time="0.0" classname="TestNG.SanityAllOptions">
    <ignored/>
  </testcase> <!-- iframeCreditGuard -->
  <testcase name="registeredAccount" time="0.0" classname="TestNG.SanityAllOptions">
    <ignored/>
  </testcase> <!-- registeredAccount -->
  <testcase name="callMeWizard" time="0.0" classname="TestNG.SanityAllOptions">
    <ignored/>
  </testcase> <!-- callMeWizard -->
  <testcase name="thankYouPage" time="0.0" classname="TestNG.SanityAllOptions">
    <ignored/>
  </testcase> <!-- thankYouPage -->
</testsuite> <!-- Test-class test 2 red1years -->
