<?xml version="1.0" encoding="UTF-8"?>
<!-- Generated by org.testng.reporters.JUnitXMLReporter -->
<testsuite hostname="AMICHAITO1-HHS" ignored="4" name="Test-class test 2 red1years" tests="8" failures="0" timestamp="18 Feb 2020 10:59:47 GMT" time="430.994" errors="0">
  <testcase name="initialQuestions" time="55.27" classname="TestNG.SanityAllOptions"/>
  <testcase name="initialOfferScreen" time="55.779" classname="TestNG.SanityAllOptions"/>
  <testcase name="finalQuestions" time="78.214" classname="TestNG.SanityAllOptions"/>
  <testcase name="finalOfferScreen" time="32.581" classname="TestNG.SanityAllOptions"/>
  <testcase name="covers" time="5.512" classname="TestNG.SanityAllOptions"/>
  <testcase name="payments" time="27.802" classname="TestNG.SanityAllOptions"/>
  <testcase name="returnSteps" time="74.467" classname="TestNG.SanityAllOptions"/>
  <testcase name="forwardSteps" time="101.303" classname="TestNG.SanityAllOptions"/>
  <testcase name="iframeCreditGuard" time="0.0" classname="TestNG.SanityAllOptions">
    <ignored/>
  </testcase> <!-- iframeCreditGuard -->
  <testcase name="registeredAccount" time="0.0" classname="TestNG.SanityAllOptions">
    <ignored/>
  </testcase> <!-- registeredAccount -->
  <testcase name="callMeWizard" time="0.0" classname="TestNG.SanityAllOptions">
    <ignored/>
  </testcase> <!-- callMeWizard -->
  <testcase name="thankYouPage" time="0.0" classname="TestNG.SanityAllOptions">
    <ignored/>
  </testcase> <!-- thankYouPage -->
</testsuite> <!-- Test-class test 2 red1years -->
