<?xml version="1.0" encoding="UTF-8"?>
<!-- Generated by org.testng.reporters.JUnitXMLReporter -->
<testsuite hostname="AMICHAITO1-HHS" ignored="4" name="Test-class test 1 Production" tests="8" failures="1" timestamp="05 Feb 2020 10:02:17 GMT" time="230.687" errors="0">
  <testcase name="initialQuestions" time="55.124" classname="TestNG.SanityAllOptions"/>
  <testcase name="initialOfferScreen" time="47.197" classname="TestNG.SanityAllOptions"/>
  <testcase name="finalQuestions" time="128.326" classname="TestNG.SanityAllOptions">
    <failure type="java.lang.Exception" message="Failed in FINAL OFFER QUESTIONS">
      <![CDATA[java.lang.Exception: Failed in FINAL OFFER QUESTIONS
at TestNG.SanityAllOptions.finalQuestions(SanityAllOptions.java:110)
at java.util.concurrent.FutureTask.run(Unknown Source)
at java.util.concurrent.ThreadPoolExecutor.runWorker(Unknown Source)
at java.util.concurrent.ThreadPoolExecutor$Worker.run(Unknown Source)
at java.lang.Thread.run(Unknown Source)
... Removed 16 stack frames]]>
    </failure>
  </testcase> <!-- finalQuestions -->
  <testcase name="finalOfferScreen" time="0.0" classname="TestNG.SanityAllOptions">
    <skipped/>
  </testcase> <!-- finalOfferScreen -->
  <testcase name="covers" time="0.0" classname="TestNG.SanityAllOptions">
    <skipped/>
  </testcase> <!-- covers -->
  <testcase name="payments" time="0.0" classname="TestNG.SanityAllOptions">
    <skipped/>
  </testcase> <!-- payments -->
  <testcase name="returnSteps" time="0.0" classname="TestNG.SanityAllOptions">
    <skipped/>
  </testcase> <!-- returnSteps -->
  <testcase name="forwardSteps" time="0.0" classname="TestNG.SanityAllOptions">
    <skipped/>
  </testcase> <!-- forwardSteps -->
  <testcase name="iframeCreditGuard" time="0.0" classname="TestNG.SanityAllOptions">
    <ignored/>
  </testcase> <!-- iframeCreditGuard -->
  <testcase name="registeredAccount" time="0.0" classname="TestNG.SanityAllOptions">
    <ignored/>
  </testcase> <!-- registeredAccount -->
  <testcase name="callMeWizard" time="0.0" classname="TestNG.SanityAllOptions">
    <ignored/>
  </testcase> <!-- callMeWizard -->
  <testcase name="thankYouPage" time="0.0" classname="TestNG.SanityAllOptions">
    <ignored/>
  </testcase> <!-- thankYouPage -->
</testsuite> <!-- Test-class test 1 Production -->
