<?xml version="1.0" encoding="UTF-8"?>
<!-- Generated by org.testng.reporters.JUnitXMLReporter -->
<testsuite hostname="AMICHAITO1-HHS" ignored="4" name="Test-class test 2 red1years" tests="8" failures="1" timestamp="11 Feb 2020 10:48:54 GMT" time="154.571" errors="0">
  <testcase name="initialQuestions" time="55.102" classname="TestNG.SanityAllOptions"/>
  <testcase name="initialOfferScreen" time="99.392" classname="TestNG.SanityAllOptions">
    <failure type="java.lang.Exception" message="Failed in INITIAL OFFER SCREEN QUESTION">
      <![CDATA[java.lang.Exception: Failed in INITIAL OFFER SCREEN QUESTION
at TestNG.SanityAllOptions.initialOfferScreen(SanityAllOptions.java:73)
at java.util.concurrent.FutureTask.run(Unknown Source)
at java.util.concurrent.ThreadPoolExecutor.runWorker(Unknown Source)
at java.util.concurrent.ThreadPoolExecutor$Worker.run(Unknown Source)
at java.lang.Thread.run(Unknown Source)
... Removed 16 stack frames]]>
    </failure>
  </testcase> <!-- initialOfferScreen -->
  <testcase name="finalQuestions" time="0.0" classname="TestNG.SanityAllOptions">
    <skipped/>
  </testcase> <!-- finalQuestions -->
  <testcase name="finalOfferScreen" time="0.0" classname="TestNG.SanityAllOptions">
    <skipped/>
  </testcase> <!-- finalOfferScreen -->
  <testcase name="covers" time="0.0" classname="TestNG.SanityAllOptions">
    <skipped/>
  </testcase> <!-- covers -->
  <testcase name="payments" time="0.0" classname="TestNG.SanityAllOptions">
    <skipped/>
  </testcase> <!-- payments -->
  <testcase name="returnSteps" time="0.0" classname="TestNG.SanityAllOptions">
    <skipped/>
  </testcase> <!-- returnSteps -->
  <testcase name="forwardSteps" time="0.0" classname="TestNG.SanityAllOptions">
    <skipped/>
  </testcase> <!-- forwardSteps -->
  <testcase name="iframeCreditGuard" time="0.0" classname="TestNG.SanityAllOptions">
    <ignored/>
  </testcase> <!-- iframeCreditGuard -->
  <testcase name="registeredAccount" time="0.0" classname="TestNG.SanityAllOptions">
    <ignored/>
  </testcase> <!-- registeredAccount -->
  <testcase name="callMeWizard" time="0.0" classname="TestNG.SanityAllOptions">
    <ignored/>
  </testcase> <!-- callMeWizard -->
  <testcase name="thankYouPage" time="0.0" classname="TestNG.SanityAllOptions">
    <ignored/>
  </testcase> <!-- thankYouPage -->
</testsuite> <!-- Test-class test 2 red1years -->
